<?xml version="1.0" encoding="UTF-8"?>
<!-- Generated by org.testng.reporters.JUnitReportReporter -->
<testsuite hostname="Vijay" failures="0" tests="4" name="Test_Automation.AppTest" time="0.010" errors="0" timestamp="2022-11-06T10:09:51 IST" skipped="0">
  <testcase classname="Test_Automation.AppTest" name="shouldAnswerWithTrue" time="0.001"/>
  <system-out/>
  <testcase classname="Test_Automation.AppTest" name="shouldAnswerWithTrue" time="0.001"/>
  <system-out/>
  <testcase classname="Test_Automation.AppTest" name="shouldAnswerWithTrue" time="0.007"/>
  <system-out/>
  <testcase classname="Test_Automation.AppTest" name="shouldAnswerWithTrue" time="0.001"/>
  <system-out/>
</testsuite> <!-- Test_Automation.AppTest -->
